<?xml version="1.0" encoding="UTF-8"?>
<testng-results skipped="0" failed="1" total="2" passed="1">
  <reporter-output>
  </reporter-output>
  <suite name="Default suite" duration-ms="58385" started-at="2017-08-29T03:03:01Z" finished-at="2017-08-29T03:04:00Z">
    <groups>
    </groups>
    <test name="Default test" duration-ms="58385" started-at="2017-08-29T03:03:01Z" finished-at="2017-08-29T03:04:00Z">
      <class name="com.mmp.tests.VerifyPatientHomePage_ExtentReports_Logs_Sshot">
        <test-method status="PASS" signature="setUp()[pri:0, instance:com.mmp.tests.VerifyPatientHomePage_ExtentReports_Logs_Sshot@57baeedf]" name="setUp" is-config="true" duration-ms="16003" started-at="2017-08-28T23:03:01Z" finished-at="2017-08-28T23:03:17Z">
          <reporter-output>
          </reporter-output>
        </test-method> <!-- setUp -->
        <test-method status="PASS" signature="verifyTitle()[pri:0, instance:com.mmp.tests.VerifyPatientHomePage_ExtentReports_Logs_Sshot@57baeedf]" name="verifyTitle" duration-ms="543" started-at="2017-08-28T23:03:17Z" finished-at="2017-08-28T23:03:18Z">
          <reporter-output>
          </reporter-output>
        </test-method> <!-- verifyTitle -->
        <test-method status="PASS" signature="tearDown(org.testng.ITestResult)[pri:0, instance:com.mmp.tests.VerifyPatientHomePage_ExtentReports_Logs_Sshot@57baeedf]" name="tearDown" is-config="true" duration-ms="1021" started-at="2017-08-28T23:03:18Z" finished-at="2017-08-28T23:03:19Z">
          <params>
            <param index="0">
              <value>
                <![CDATA[[TestResult name=verifyTitle status=SUCCESS method=VerifyPatientHomePage_ExtentReports_Logs_Sshot.verifyTitle()[pri:0, instance:com.mmp.tests.VerifyPatientHomePage_ExtentReports_Logs_Sshot@57baeedf] output={null}]]]>
              </value>
            </param>
          </params>
          <reporter-output>
          </reporter-output>
        </test-method> <!-- tearDown -->
        <test-method status="PASS" signature="setUp()[pri:0, instance:com.mmp.tests.VerifyPatientHomePage_ExtentReports_Logs_Sshot@57baeedf]" name="setUp" is-config="true" duration-ms="14644" started-at="2017-08-28T23:03:19Z" finished-at="2017-08-28T23:03:34Z">
          <reporter-output>
          </reporter-output>
        </test-method> <!-- setUp -->
        <test-method status="FAIL" signature="appLogin()[pri:1, instance:com.mmp.tests.VerifyPatientHomePage_ExtentReports_Logs_Sshot@57baeedf]" name="appLogin" duration-ms="25438" started-at="2017-08-28T23:03:34Z" finished-at="2017-08-28T23:03:59Z">
          <exception class="org.openqa.selenium.NoSuchElementException">
            <message>
              <![CDATA[Unable to locate element: .panel-title
For documentation on this error, please visit: http://seleniumhq.org/exceptions/no_such_element.html
Build info: version: '3.4.0', revision: 'unknown', time: 'unknown'
System info: host: 'DELL-PC', ip: '192.168.1.171', os.name: 'Windows 7', os.arch: 'amd64', os.version: '6.1', java.version: '1.8.0_77'
Driver info: org.openqa.selenium.firefox.FirefoxDriver
Capabilities [{moz:profile=C:\Users\dell\AppData\Local\Temp\rust_mozprofile.5d5u8LhoY6HY, rotatable=false, timeouts={implicit=0.0, pageLoad=300000.0, script=30000.0}, pageLoadStrategy=normal, platform=ANY, specificationLevel=0.0, moz:accessibilityChecks=false, acceptInsecureCerts=false, browserVersion=53.0.3, platformVersion=6.1, moz:processID=8612.0, browserName=firefox, javascriptEnabled=true, platformName=windows_nt}]
Session ID: 2d24286f-9128-4869-a977-3690bd498908
*** Element info: {Using=css selector, value=.panel-title}]]>
            </message>
            <full-stacktrace>
              <![CDATA[org.openqa.selenium.NoSuchElementException: Unable to locate element: .panel-title
For documentation on this error, please visit: http://seleniumhq.org/exceptions/no_such_element.html
Build info: version: '3.4.0', revision: 'unknown', time: 'unknown'
System info: host: 'DELL-PC', ip: '192.168.1.171', os.name: 'Windows 7', os.arch: 'amd64', os.version: '6.1', java.version: '1.8.0_77'
Driver info: org.openqa.selenium.firefox.FirefoxDriver
Capabilities [{moz:profile=C:\Users\dell\AppData\Local\Temp\rust_mozprofile.5d5u8LhoY6HY, rotatable=false, timeouts={implicit=0.0, pageLoad=300000.0, script=30000.0}, pageLoadStrategy=normal, platform=ANY, specificationLevel=0.0, moz:accessibilityChecks=false, acceptInsecureCerts=false, browserVersion=53.0.3, platformVersion=6.1, moz:processID=8612.0, browserName=firefox, javascriptEnabled=true, platformName=windows_nt}]
Session ID: 2d24286f-9128-4869-a977-3690bd498908
*** Element info: {Using=css selector, value=.panel-title}
	at sun.reflect.NativeConstructorAccessorImpl.newInstance0(Native Method)
	at sun.reflect.NativeConstructorAccessorImpl.newInstance(NativeConstructorAccessorImpl.java:62)
	at sun.reflect.DelegatingConstructorAccessorImpl.newInstance(DelegatingConstructorAccessorImpl.java:45)
	at java.lang.reflect.Constructor.newInstance(Constructor.java:423)
	at org.openqa.selenium.remote.http.W3CHttpResponseCodec.createException(W3CHttpResponseCodec.java:150)
	at org.openqa.selenium.remote.http.W3CHttpResponseCodec.decode(W3CHttpResponseCodec.java:115)
	at org.openqa.selenium.remote.http.W3CHttpResponseCodec.decode(W3CHttpResponseCodec.java:45)
	at org.openqa.selenium.remote.HttpCommandExecutor.execute(HttpCommandExecutor.java:164)
	at org.openqa.selenium.remote.service.DriverCommandExecutor.execute(DriverCommandExecutor.java:82)
	at org.openqa.selenium.remote.RemoteWebDriver.execute(RemoteWebDriver.java:637)
	at org.openqa.selenium.remote.RemoteWebDriver.findElement(RemoteWebDriver.java:410)
	at org.openqa.selenium.remote.RemoteWebDriver.findElementByCssSelector(RemoteWebDriver.java:501)
	at org.openqa.selenium.By$ByCssSelector.findElement(By.java:430)
	at org.openqa.selenium.remote.RemoteWebDriver.findElement(RemoteWebDriver.java:402)
	at org.openqa.selenium.support.pagefactory.DefaultElementLocator.findElement(DefaultElementLocator.java:69)
	at org.openqa.selenium.support.pagefactory.internal.LocatingElementHandler.invoke(LocatingElementHandler.java:38)
	at com.sun.proxy.$Proxy7.getText(Unknown Source)
	at com.mmp.pages.PatientHomePage.getPortalTitle(PatientHomePage.java:39)
	at com.mmp.tests.VerifyPatientHomePage_ExtentReports_Logs_Sshot.appLogin(VerifyPatientHomePage_ExtentReports_Logs_Sshot.java:92)
	at sun.reflect.NativeMethodAccessorImpl.invoke0(Native Method)
	at sun.reflect.NativeMethodAccessorImpl.invoke(NativeMethodAccessorImpl.java:62)
	at sun.reflect.DelegatingMethodAccessorImpl.invoke(DelegatingMethodAccessorImpl.java:43)
	at java.lang.reflect.Method.invoke(Method.java:498)
	at org.testng.internal.MethodInvocationHelper.invokeMethod(MethodInvocationHelper.java:85)
	at org.testng.internal.Invoker.invokeMethod(Invoker.java:639)
	at org.testng.internal.Invoker.invokeTestMethod(Invoker.java:816)
	at org.testng.internal.Invoker.invokeTestMethods(Invoker.java:1124)
	at org.testng.internal.TestMethodWorker.invokeTestMethods(TestMethodWorker.java:125)
	at org.testng.internal.TestMethodWorker.run(TestMethodWorker.java:108)
	at org.testng.TestRunner.privateRun(TestRunner.java:774)
	at org.testng.TestRunner.run(TestRunner.java:624)
	at org.testng.SuiteRunner.runTest(SuiteRunner.java:359)
	at org.testng.SuiteRunner.runSequentially(SuiteRunner.java:354)
	at org.testng.SuiteRunner.privateRun(SuiteRunner.java:312)
	at org.testng.SuiteRunner.run(SuiteRunner.java:261)
	at org.testng.SuiteRunnerWorker.runSuite(SuiteRunnerWorker.java:52)
	at org.testng.SuiteRunnerWorker.run(SuiteRunnerWorker.java:86)
	at org.testng.TestNG.runSuitesSequentially(TestNG.java:1215)
	at org.testng.TestNG.runSuitesLocally(TestNG.java:1140)
	at org.testng.TestNG.run(TestNG.java:1048)
	at org.testng.remote.AbstractRemoteTestNG.run(AbstractRemoteTestNG.java:126)
	at org.testng.remote.RemoteTestNG.initAndRun(RemoteTestNG.java:137)
	at org.testng.remote.RemoteTestNG.main(RemoteTestNG.java:58)
]]>
            </full-stacktrace>
          </exception> <!-- org.openqa.selenium.NoSuchElementException -->
          <reporter-output>
          </reporter-output>
        </test-method> <!-- appLogin -->
        <test-method status="PASS" signature="tearDown(org.testng.ITestResult)[pri:0, instance:com.mmp.tests.VerifyPatientHomePage_ExtentReports_Logs_Sshot@57baeedf]" name="tearDown" is-config="true" duration-ms="710" started-at="2017-08-28T23:03:59Z" finished-at="2017-08-28T23:04:00Z">
          <params>
            <param index="0">
              <value>
                <![CDATA[[TestResult name=appLogin status=FAILURE method=VerifyPatientHomePage_ExtentReports_Logs_Sshot.appLogin()[pri:1, instance:com.mmp.tests.VerifyPatientHomePage_ExtentReports_Logs_Sshot@57baeedf] output={null}]]]>
              </value>
            </param>
          </params>
          <reporter-output>
          </reporter-output>
        </test-method> <!-- tearDown -->
      </class> <!-- com.mmp.tests.VerifyPatientHomePage_ExtentReports_Logs_Sshot -->
    </test> <!-- Default test -->
  </suite> <!-- Default suite -->
</testng-results>
